<?xml version="1.0" encoding="UTF-8"?>
<!-- Generated by org.testng.reporters.JUnitReportReporter -->
<testsuite skipped="0" hostname="KISHORZZZZ-PC" name="script.ValidLogin" tests="1" failures="0" timestamp="30 Jan 2019 12:38:11 GMT" time="6.499" errors="0">
  <testcase name="testA" time="6.499" classname="script.ValidLogin"/>
</testsuite> <!-- script.ValidLogin -->
